<?xml version="1.0" encoding="UTF-8"?>
<!-- Generated by org.testng.reporters.JUnitReportReporter -->
<testsuite hostname="LAPTOP-G9RE70VK" failures="0" tests="1" name="EndToEndScenarios.CreateProjectAndVerify" time="1.525" errors="0" timestamp="2022-09-29T17:10:21 IST" skipped="0">
  <testcase classname="EndToEndScenarios.CreateProjectAndVerify" name="createprojectnverify" time="1.525"/>
  <system-out/>
</testsuite> <!-- EndToEndScenarios.CreateProjectAndVerify -->
