<?xml version="1.0" encoding="UTF-8"?>
<!-- Generated by org.testng.reporters.JUnitReportReporter -->
<testsuite hostname="LAPTOP-G9RE70VK" failures="0" tests="1" name="EndToEndScenarios.GetSingleProject" time="1.120" errors="0" timestamp="2022-09-29T17:26:46 IST" skipped="0">
  <testcase classname="EndToEndScenarios.GetSingleProject" name="getsinglepro" time="1.120"/>
  <system-out/>
</testsuite> <!-- EndToEndScenarios.GetSingleProject -->
