<?xml version="1.0" encoding="UTF-8"?>
<!-- Generated by org.testng.reporters.JUnitReportReporter -->
<testsuite hostname="LAPTOP-G9RE70VK" failures="0" tests="1" name="EndToEndScenarios.GetProjects" time="0.926" errors="0" timestamp="2022-09-29T17:15:42 IST" skipped="0">
  <testcase classname="EndToEndScenarios.GetProjects" name="getprojects" time="0.926"/>
  <system-out/>
</testsuite> <!-- EndToEndScenarios.GetProjects -->
